* using log directory 'C:/Users/ellio/OneDrive - UW-Madison/CASSIA_enjoy/CASSIA/CASSIA_R/CASSIA.Rcheck'
* using R version 4.4.1 (2024-06-14 ucrt)
* using platform: x86_64-w64-mingw32
* R was compiled by
    gcc.exe (GCC) 13.2.0
    GNU Fortran (GCC) 13.2.0
* running under: Windows 11 x64 (build 26100)
* using session charset: UTF-8
* using option '--as-cran'
* checking for file 'CASSIA/DESCRIPTION' ... OK
* this is package 'CASSIA' version '0.1.0'
* package encoding: UTF-8
* checking CRAN incoming feasibility ... [17s] NOTE
Maintainer: 'Elliot Yixuan Xie <xie227@wisc.edu>'

New submission
* checking package namespace information ... OK
* checking package dependencies ... OK
* checking if this is a source package ... OK
* checking if there is a namespace ... OK
* checking for executable files ... OK
* checking for hidden files and directories ... OK
* checking for portable file names ... OK
* checking whether package 'CASSIA' can be installed ... [61s] OK
* checking installed package size ... NOTE
  installed size is  8.8Mb
  sub-directories of 1Mb or more:
    extdata   1.6Mb
    python    6.9Mb
* checking package directory ... OK
* checking for future file timestamps ... NOTE
unable to verify current time
* checking DESCRIPTION meta-information ... OK
* checking top-level files ... NOTE
Non-standard file/directory found at top level:
  'cran-comments.md'
* checking for left-over files ... OK
* checking index information ... OK
* checking package subdirectories ... OK
* checking code files for non-ASCII characters ... OK
* checking R files for syntax errors ... OK
* checking whether the package can be loaded ... [17s] OK
* checking whether the package can be loaded with stated dependencies ... [15s] OK
* checking whether the package can be unloaded cleanly ... [17s] OK
* checking whether the namespace can be loaded with stated dependencies ... [31s] OK
* checking whether the namespace can be unloaded cleanly ... [16s] OK
* checking loading without being on the library search path ... [16s] OK
* checking whether startup messages can be suppressed ... [16s] OK
* checking use of S3 registration ... OK
* checking dependencies in R code ... OK
* checking S3 generic/method consistency ... OK
* checking replacement functions ... OK
* checking foreign function calls ... OK
* checking R code for possible problems ... [67s] OK
* checking Rd files ... OK
* checking Rd metadata ... OK
* checking Rd line widths ... OK
* checking Rd cross-references ... OK
* checking for missing documentation entries ... OK
* checking for code/documentation mismatches ... OK
* checking Rd \usage sections ... OK
* checking Rd contents ... OK
* checking for unstated dependencies in examples ... OK
* checking examples ... [21s] OK
* checking for unstated dependencies in 'tests' ... OK
* checking tests ... [17s] OK
  Running 'testthat.R' [16s]
* checking PDF version of manual ... WARNING
LaTeX errors when creating PDF version.
This typically indicates Rd problems.
* checking PDF version of manual without index ... ERROR
Re-running with no redirection of stdout/stderr.
* checking HTML version of manual ... OK
* checking for non-standard things in the check directory ... NOTE
Found the following files/directories:
  'CASSIA-manual.tex'
* checking for detritus in the temp directory ... OK
* DONE
Status: 1 ERROR, 1 WARNING, 5 NOTEs
